<?xml version="1.0" encoding="UTF-8" ?>
<testsuites errors="2"
            failures="1"
            tests="1">

  <testsuite name="Product"
    errors="2" failures="1" hostname="" id="" package="Product" skipped="0"
    tests="1" time="480.3" timestamp="">
  
    <testcase name="Verify Product Purchase flow" classname="Product" time="240.1" assertions="2">

      <failure message="Testing if element &lt;.view-product&gt; is visible in 5000ms - expected &#34;is visible&#34; but got: &#34;element could not be located&#34; (5094ms)">    at Verify Product Purchase flow (/home/knoldus/Documents/NightwatchPractice/pages/Product.js:16:13)</failure>

    
    <error message="no such window: target window already closed
from unknown error: web view not found
  (Session info: chrome=122.0.6261.57)" type="error"><![CDATA[
    NoSuchWindowError: no such window: target window already closed
from unknown error: web view not found
  (Session info: chrome=122.0.6261.57)
    at Object.throwDecodedError (/home/knoldus/Documents/NightwatchPractice/node_modules/selenium-webdriver/lib/error.js:524:15)
    at parseHttpResponse (/home/knoldus/Documents/NightwatchPractice/node_modules/selenium-webdriver/lib/http.js:601:13)
    at Executor.execute (/home/knoldus/Documents/NightwatchPractice/node_modules/selenium-webdriver/lib/http.js:529:28)
    at process.processTicksAndRejections (node:internal/process/task_queues:95:5)
    at async Driver.execute (/home/knoldus/Documents/NightwatchPractice/node_modules/selenium-webdriver/lib/webdriver.js:745:17)
    at async Driver.findElements (/home/knoldus/Documents/NightwatchPractice/node_modules/selenium-webdriver/lib/webdriver.js:1089:17)
    ]]></error>
    
    </testcase>
  

  
    <system-err>
       NoSuchElementError
   An element could not be located on the page using the given search parameters.
    {&#34;error&#34;:{&#34;name&#34;:&#34;NoSuchWindowError&#34;,&#34;remoteStacktrace&#34;:&#34;&#34;},&#34;status&#34;:-1,&#34;value&#34;:null}

    Try fixing by :
    1. Please inspect the html before the step
    2. Verify if an element with the mentioned selector is present in the DOM tree

    Error location:
    /home/knoldus/Documents/NightwatchPractice/pages/Product.js:15
    –––––––––––––––––––––––––––––––––––––––––––––––––––––––––––––
     13 |     })
     14 |     .pause()
     15 |     .click(&#39;a[href=&#34;/product_details/4&#34;]&#39;) 
     16 |     .assert.visible(&#39;.view-product&#39;)
     17 |     .setValue(&#39;#quantity&#39;,&#39;5&#39;)
    –––––––––––––––––––––––––––––––––––––––––––––––––––––––––––––

 NoSuchWindowError
   no such window: target window already closed
from unknown error: web view not found
  (Session info: chrome=122.0.6261.57)
    </system-err>
  

    

  
  </testsuite>
</testsuites>
