<?xml version="1.0" encoding="UTF-8" ?>
<testsuites errors="5"
            failures="1"
            tests="9">

  <testsuite name="LoginPage.test"
    errors="5" failures="1" hostname="" id="" package="LoginPage.test" skipped="1"
    tests="9" time="75.57" timestamp="">
  
    <testcase name="Verify &#34;Go1Percent&#34; logo, carousel images, carousel caption and the footer message should be displayed on login page" classname="LoginPage.test" time="0.9630" assertions="5">

    

    

    

    

    
    </testcase>
  
    <testcase name="Verify carousel image changes when clicking on carousel buttons" classname="LoginPage.test" time="1.430" assertions="12">

    

    

    

    

    

    

    

    

    

    

    

    
    </testcase>
  
    <testcase name="Verify that specific text is present between login options on the web page" classname="LoginPage.test" time="2.194" assertions="1">

    
    </testcase>
  
    <testcase name="Verify that login page heading contains text &#34;Sign in to Go 1%&#34;" classname="LoginPage.test" time="0.7050" assertions="1">

    
    </testcase>
  
    <testcase name="Verify that clicking on the Microsoft logo redirects to the Microsoft login page" classname="LoginPage.test" time="1.365" assertions="1">

    
    </testcase>
  
    <testcase name="Verify that login fails with invalid credentials and an alert message is displayed" classname="LoginPage.test" time="1.420" assertions="2">

    

    
    </testcase>
  
    <testcase name="Verify successful login with valid credentials" classname="LoginPage.test" time="3.079" assertions="0">
    </testcase>
  
    <testcase name="Verify remember me checkbox is selected during login" classname="LoginPage.test" time="21.02" assertions="0">
    <error message="An error occurred while running .click() command on &lt;Element [name=@loginButton]&gt;: Timed out while waiting for element &#34;#kc-login&#34; with &#34;css selector&#34; to be present for 5000 milliseconds." type="error"><![CDATA[
    Error
    at DescribeInstance.&lt;anonymous&gt; (/home/knoldus/Documents/NightwatchGo1%/tests/LoginPage.test.js:69:6)
    ]]></error>
    
    </testcase>
  
    <testcase name="Verify the forgot Password functionality" classname="LoginPage.test" time="5.572" assertions="1">  <failure message="Expected element @forgotPasswordLink &lt;a[tabindex=&#34;5&#34;]&gt; text to equal: &#34;Forgot Password?&#34; - element was not found - expected &#34;equal &#39;Forgot Password?&#39;&#34; but got: &#34;not present&#34; (5254ms)">    at DescribeInstance.&lt;anonymous&gt; (/home/knoldus/Documents/NightwatchGo1%/tests/LoginPage.test.js:74:15)</failure>

    
    <error message="Unable to locate element: a[tabindex=&#34;5&#34;] using css selector" type="error"><![CDATA[
    NoSuchElementError: Unable to locate element: a[tabindex=&#34;5&#34;] using css selector
    at throwDecodedError (/usr/local/lib/node_modules/nightwatch/node_modules/selenium-webdriver/lib/error.js:524:15)
    at ChromeDriver.handleErrorResponse (/usr/local/lib/node_modules/nightwatch/lib/transport/selenium-webdriver/index.js:400:7)
    at TransportActions.makeResult (/usr/local/lib/node_modules/nightwatch/lib/transport/selenium-webdriver/actions.js:85:20)
    at Object.locateMultipleElements (/usr/local/lib/node_modules/nightwatch/lib/transport/selenium-webdriver/actions.js:71:21)
    at process.processTicksAndRejections (node:internal/process/task_queues:95:5)
    at async LocateElement.findElement (/usr/local/lib/node_modules/nightwatch/lib/element/locator.js:167:20)
    ]]></error>
    
    </testcase>
  

  
    <system-err>
       NoSuchElementError
   An element could not be located on the page using the given search parameters.

    Try fixing by :
    1. Please inspect the html before the step
    2. Verify if an element with the mentioned selector is present in the DOM tree

    Error location:
    /home/knoldus/Documents/NightwatchGo1%/tests/LoginPage.test.js:68
    ––––––––––––––––––––––––––––––––––––––––––––––––––––––––––––––––
     66 |   it(&#39;Verify remember me checkbox is selected during login&#39;, function (browser) {
     67 |     Login
     68 |     .checkRememberMeCheckbox(&#39;invalid_username&#39;, &#39;invalid_password&#39;) 
     69 |     .click(&#39;@loginButton&#39;)
     70 |   });
    ––––––––––––––––––––––––––––––––––––––––––––––––––––––––––––––––

 NoSuchElementError
   An element could not be located on the page using the given search parameters.

    Try fixing by :
    1. Please inspect the html before the step
    2. Verify if an element with the mentioned selector is present in the DOM tree

    Error location:
    /home/knoldus/Documents/NightwatchGo1%/tests/LoginPage.test.js:68
    ––––––––––––––––––––––––––––––––––––––––––––––––––––––––––––––––
     66 |   it(&#39;Verify remember me checkbox is selected during login&#39;, function (browser) {
     67 |     Login
     68 |     .checkRememberMeCheckbox(&#39;invalid_username&#39;, &#39;invalid_password&#39;) 
     69 |     .click(&#39;@loginButton&#39;)
     70 |   });
    ––––––––––––––––––––––––––––––––––––––––––––––––––––––––––––––––

 NoSuchElementError
   An element could not be located on the page using the given search parameters.

    Try fixing by :
    1. Please inspect the html before the step
    2. Verify if an element with the mentioned selector is present in the DOM tree

    Error location:
    /home/knoldus/Documents/NightwatchGo1%/tests/LoginPage.test.js:68
    ––––––––––––––––––––––––––––––––––––––––––––––––––––––––––––––––
     66 |   it(&#39;Verify remember me checkbox is selected during login&#39;, function (browser) {
     67 |     Login
     68 |     .checkRememberMeCheckbox(&#39;invalid_username&#39;, &#39;invalid_password&#39;) 
     69 |     .click(&#39;@loginButton&#39;)
     70 |   });
    ––––––––––––––––––––––––––––––––––––––––––––––––––––––––––––––––

 NoSuchElementError
   An element could not be located on the page using the given search parameters.

    Try fixing by :
    1. Please inspect the html before the step
    2. Verify if an element with the mentioned selector is present in the DOM tree

    Error location:
    /home/knoldus/Documents/NightwatchGo1%/tests/LoginPage.test.js:69
    ––––––––––––––––––––––––––––––––––––––––––––––––––––––––––––––––
     67 |     Login
     68 |     .checkRememberMeCheckbox(&#39;invalid_username&#39;, &#39;invalid_password&#39;)
     69 |     .click(&#39;@loginButton&#39;) 
     70 |   });
     71 | 
    ––––––––––––––––––––––––––––––––––––––––––––––––––––––––––––––––

 NoSuchElementError
   An element could not be located on the page using the given search parameters.

    Try fixing by :
    1. Please inspect the html before the step
    2. Verify if an element with the mentioned selector is present in the DOM tree
    </system-err>
  

    

  
    
    <testcase
      name="Verify clicking on the &#34;Terms of Use&#34; link opens a new page with the terms of use" classname="LoginPage.test">
      <skipped />
    </testcase>
    
  
  </testsuite>
</testsuites>
